{"/Users/noahgibson/Documents/mod4/AILanguageTutor_FE/src/api/apiCalls.js": {"path":"/Users/noahgibson/Documents/mod4/AILanguageTutor_FE/src/api/apiCalls.js","statementMap":{"0":{"start":{"line":1,"column":28},"end":{"line":13,"column":1}},"1":{"start":{"line":2,"column":14},"end":{"line":2,"column":57}},"2":{"start":{"line":3,"column":2},"end":{"line":12,"column":3}},"3":{"start":{"line":4,"column":21},"end":{"line":4,"column":37}},"4":{"start":{"line":5,"column":4},"end":{"line":7,"column":5}},"5":{"start":{"line":6,"column":6},"end":{"line":6,"column":71}},"6":{"start":{"line":8,"column":22},"end":{"line":8,"column":37}},"7":{"start":{"line":9,"column":4},"end":{"line":9,"column":21}},"8":{"start":{"line":11,"column":4},"end":{"line":11,"column":27}},"9":{"start":{"line":15,"column":29},"end":{"line":37,"column":1}},"10":{"start":{"line":16,"column":14},"end":{"line":16,"column":53}},"11":{"start":{"line":17,"column":15},"end":{"line":17,"column":119}},"12":{"start":{"line":18,"column":18},"end":{"line":26,"column":3}},"13":{"start":{"line":27,"column":2},"end":{"line":36,"column":3}},"14":{"start":{"line":28,"column":21},"end":{"line":28,"column":46}},"15":{"start":{"line":29,"column":4},"end":{"line":31,"column":5}},"16":{"start":{"line":30,"column":6},"end":{"line":30,"column":62}},"17":{"start":{"line":32,"column":30},"end":{"line":32,"column":45}},"18":{"start":{"line":33,"column":4},"end":{"line":33,"column":29}},"19":{"start":{"line":35,"column":4},"end":{"line":35,"column":27}},"20":{"start":{"line":39,"column":28},"end":{"line":59,"column":1}},"21":{"start":{"line":40,"column":14},"end":{"line":40,"column":60}},"22":{"start":{"line":41,"column":18},"end":{"line":47,"column":3}},"23":{"start":{"line":49,"column":2},"end":{"line":58,"column":3}},"24":{"start":{"line":50,"column":21},"end":{"line":50,"column":46}},"25":{"start":{"line":51,"column":4},"end":{"line":53,"column":5}},"26":{"start":{"line":52,"column":6},"end":{"line":52,"column":59}},"27":{"start":{"line":54,"column":17},"end":{"line":54,"column":32}},"28":{"start":{"line":55,"column":4},"end":{"line":55,"column":16}},"29":{"start":{"line":57,"column":4},"end":{"line":57,"column":27}}},"fnMap":{"0":{"name":"(anonymous_0)","decl":{"start":{"line":1,"column":28},"end":{"line":1,"column":29}},"loc":{"start":{"line":1,"column":40},"end":{"line":13,"column":1}},"line":1},"1":{"name":"(anonymous_1)","decl":{"start":{"line":15,"column":29},"end":{"line":15,"column":30}},"loc":{"start":{"line":15,"column":53},"end":{"line":37,"column":1}},"line":15},"2":{"name":"(anonymous_2)","decl":{"start":{"line":39,"column":28},"end":{"line":39,"column":29}},"loc":{"start":{"line":39,"column":49},"end":{"line":59,"column":1}},"line":39}},"branchMap":{"0":{"loc":{"start":{"line":5,"column":4},"end":{"line":7,"column":5}},"type":"if","locations":[{"start":{"line":5,"column":4},"end":{"line":7,"column":5}},{"start":{"line":5,"column":4},"end":{"line":7,"column":5}}],"line":5},"1":{"loc":{"start":{"line":29,"column":4},"end":{"line":31,"column":5}},"type":"if","locations":[{"start":{"line":29,"column":4},"end":{"line":31,"column":5}},{"start":{"line":29,"column":4},"end":{"line":31,"column":5}}],"line":29},"2":{"loc":{"start":{"line":51,"column":4},"end":{"line":53,"column":5}},"type":"if","locations":[{"start":{"line":51,"column":4},"end":{"line":53,"column":5}},{"start":{"line":51,"column":4},"end":{"line":53,"column":5}}],"line":51}},"s":{"0":3,"1":3,"2":3,"3":3,"4":2,"5":1,"6":1,"7":1,"8":2,"9":3,"10":0,"11":0,"12":0,"13":0,"14":0,"15":0,"16":0,"17":0,"18":0,"19":0,"20":3,"21":0,"22":0,"23":0,"24":0,"25":0,"26":0,"27":0,"28":0,"29":0},"f":{"0":3,"1":0,"2":0},"b":{"0":[1,1],"1":[0,0],"2":[0,0]},"_coverageSchema":"43e27e138ebf9cfc5966b082cf9a028302ed4184","hash":"ff3da93a575e0053db687e5c1c7f5c83886290bf"}
,"/Users/noahgibson/Documents/mod4/AILanguageTutor_FE/src/components/Grammar.vue": {"path":"/Users/noahgibson/Documents/mod4/AILanguageTutor_FE/src/components/Grammar.vue","statementMap":{"0":{"start":{"line":29,"column":0},"end":{"line":29,"column":null}},"1":{"start":{"line":33,"column":0},"end":{"line":33,"column":null}},"2":{"start":{"line":64,"column":0},"end":{"line":67,"column":null}},"3":{"start":{"line":65,"column":0},"end":{"line":65,"column":null}},"4":{"start":{"line":70,"column":0},"end":{"line":70,"column":null}},"5":{"start":{"line":71,"column":0},"end":{"line":73,"column":null}},"6":{"start":{"line":72,"column":0},"end":{"line":72,"column":null}},"7":{"start":{"line":76,"column":0},"end":{"line":76,"column":null}},"8":{"start":{"line":77,"column":0},"end":{"line":79,"column":null}},"9":{"start":{"line":78,"column":0},"end":{"line":78,"column":null}},"10":{"start":{"line":83,"column":0},"end":{"line":83,"column":null}},"11":{"start":{"line":86,"column":0},"end":{"line":86,"column":null}}},"fnMap":{"0":{"name":"(anonymous_1)","decl":{"start":{"line":32,"column":0},"end":{"line":32,"column":null}},"loc":{"start":{"line":32,"column":0},"end":{"line":61,"column":null}}},"1":{"name":"(anonymous_2)","decl":{"start":{"line":63,"column":0},"end":{"line":63,"column":null}},"loc":{"start":{"line":63,"column":0},"end":{"line":68,"column":null}}},"2":{"name":"(anonymous_3)","decl":{"start":{"line":65,"column":0},"end":{"line":65,"column":null}},"loc":{"start":{"line":65,"column":0},"end":{"line":65,"column":null}}},"3":{"name":"(anonymous_4)","decl":{"start":{"line":69,"column":0},"end":{"line":69,"column":null}},"loc":{"start":{"line":69,"column":0},"end":{"line":74,"column":null}}},"4":{"name":"(anonymous_5)","decl":{"start":{"line":75,"column":0},"end":{"line":75,"column":null}},"loc":{"start":{"line":75,"column":0},"end":{"line":80,"column":null}}},"5":{"name":"(anonymous_6)","decl":{"start":{"line":82,"column":0},"end":{"line":82,"column":null}},"loc":{"start":{"line":82,"column":0},"end":{"line":87,"column":null}}},"6":{"name":"(anonymous_7)","decl":{"start":{"line":83,"column":0},"end":{"line":83,"column":null}},"loc":{"start":{"line":83,"column":0},"end":{"line":83,"column":null}}}},"branchMap":{"0":{"loc":{"start":{"line":64,"column":0},"end":{"line":67,"column":null}},"type":"if","locations":[{"start":{"line":64,"column":0},"end":{"line":67,"column":null}},{"start":{"line":64,"column":0},"end":{"line":67,"column":null}}]},"1":{"loc":{"start":{"line":71,"column":0},"end":{"line":73,"column":null}},"type":"if","locations":[{"start":{"line":71,"column":0},"end":{"line":73,"column":null}},{"start":{"line":71,"column":0},"end":{"line":73,"column":null}}]},"2":{"loc":{"start":{"line":77,"column":0},"end":{"line":79,"column":null}},"type":"if","locations":[{"start":{"line":77,"column":0},"end":{"line":79,"column":null}},{"start":{"line":77,"column":0},"end":{"line":79,"column":null}}]}},"s":{"0":1,"1":1,"2":0,"3":0,"4":0,"5":0,"6":0,"7":0,"8":0,"9":0,"10":2,"11":1},"f":{"0":1,"1":0,"2":0,"3":0,"4":0,"5":1,"6":1},"b":{"0":[0,0],"1":[0,0],"2":[0,0]}}
,"/Users/noahgibson/Documents/mod4/AILanguageTutor_FE/src/views/FlashCards.vue": {"path":"/Users/noahgibson/Documents/mod4/AILanguageTutor_FE/src/views/FlashCards.vue","statementMap":{"0":{"start":{"line":9,"column":0},"end":{"line":9,"column":null}},"1":{"start":{"line":10,"column":0},"end":{"line":10,"column":null}}},"fnMap":{},"branchMap":{},"s":{"0":1,"1":1},"f":{},"b":{}}
}
